[2014-11-13 08:23:29] chamilo.INFO: > GET / [] []
[2014-11-13 08:23:29] chamilo.INFO: < 200 [] []
[2014-11-13 08:23:29] chamilo.INFO: Page loaded in:0.4534649848938 [] []
[2014-11-13 08:23:29] chamilo.INFO: memory_get_usage: 6.25M [] []
[2014-11-13 08:23:29] chamilo.INFO: memory_get_peak_usage: 6.25M [] []
[2014-11-13 08:23:32] chamilo.INFO: > GET /user_portal.php [] []
[2014-11-13 08:23:36] chamilo.INFO: < 200 [] []
[2014-11-13 08:23:36] chamilo.INFO: Page loaded in:3.5765039920807 [] []
[2014-11-13 08:23:36] chamilo.INFO: memory_get_usage: 5.5M [] []
[2014-11-13 08:23:36] chamilo.INFO: memory_get_peak_usage: 5.5M [] []
[2014-11-13 08:24:26] chamilo.INFO: > GET /index.php?logout=logout&uid=1 [] []
[2014-11-13 08:24:26] chamilo.INFO: < 200 [] []
[2014-11-13 08:24:26] chamilo.INFO: Page loaded in:0.1353120803833 [] []
[2014-11-13 08:24:26] chamilo.INFO: memory_get_usage: 6.5M [] []
[2014-11-13 08:24:26] chamilo.INFO: memory_get_peak_usage: 6.5M [] []
[2014-11-13 08:59:38] chamilo.INFO: > GET / [] []
[2014-11-13 08:59:38] chamilo.INFO: < 200 [] []
[2014-11-13 08:59:38] chamilo.INFO: Page loaded in:0.11455106735229 [] []
[2014-11-13 08:59:38] chamilo.INFO: memory_get_usage: 6.25M [] []
[2014-11-13 08:59:38] chamilo.INFO: memory_get_peak_usage: 6.25M [] []
[2014-11-13 08:59:42] chamilo.INFO: > GET /index.php?loginFailed=1&error=account_inactive [] []
[2014-11-13 08:59:42] chamilo.INFO: < 200 [] []
[2014-11-13 08:59:42] chamilo.INFO: Page loaded in:0.11858010292053 [] []
[2014-11-13 08:59:42] chamilo.INFO: memory_get_usage: 6.25M [] []
[2014-11-13 08:59:42] chamilo.INFO: memory_get_peak_usage: 6.25M [] []
[2014-11-13 08:59:45] chamilo.INFO: > GET /index.php?loginFailed=1&error=user_password_incorrect [] []
[2014-11-13 08:59:46] chamilo.INFO: < 200 [] []
[2014-11-13 08:59:46] chamilo.INFO: Page loaded in:0.11220598220825 [] []
[2014-11-13 08:59:46] chamilo.INFO: memory_get_usage: 6.25M [] []
[2014-11-13 08:59:46] chamilo.INFO: memory_get_peak_usage: 6.25M [] []
[2014-11-13 08:59:58] chamilo.INFO: > GET /index.php?loginFailed=1&error=account_inactive [] []
[2014-11-13 08:59:58] chamilo.INFO: < 200 [] []
[2014-11-13 08:59:58] chamilo.INFO: Page loaded in:0.13538599014282 [] []
[2014-11-13 08:59:58] chamilo.INFO: memory_get_usage: 6.25M [] []
[2014-11-13 08:59:58] chamilo.INFO: memory_get_peak_usage: 6.25M [] []
[2014-11-13 09:00:07] chamilo.INFO: > GET /index.php?loginFailed=1&error=account_inactive [] []
[2014-11-13 09:00:08] chamilo.INFO: < 200 [] []
[2014-11-13 09:00:08] chamilo.INFO: Page loaded in:0.12796902656555 [] []
[2014-11-13 09:00:08] chamilo.INFO: memory_get_usage: 6.25M [] []
[2014-11-13 09:00:08] chamilo.INFO: memory_get_peak_usage: 6.25M [] []
[2014-11-13 09:00:11] chamilo.INFO: > GET /index.php?loginFailed=1&error=user_password_incorrect [] []
[2014-11-13 09:00:12] chamilo.INFO: < 200 [] []
[2014-11-13 09:00:12] chamilo.INFO: Page loaded in:0.10361814498901 [] []
[2014-11-13 09:00:12] chamilo.INFO: memory_get_usage: 6.25M [] []
[2014-11-13 09:00:12] chamilo.INFO: memory_get_peak_usage: 6.25M [] []
[2014-11-13 09:00:58] chamilo.INFO: > GET /index.php?loginFailed=1&error=account_inactive [] []
[2014-11-13 09:00:59] chamilo.INFO: < 200 [] []
[2014-11-13 09:00:59] chamilo.INFO: Page loaded in:0.11475086212158 [] []
[2014-11-13 09:00:59] chamilo.INFO: memory_get_usage: 6.25M [] []
[2014-11-13 09:00:59] chamilo.INFO: memory_get_peak_usage: 6.25M [] []
[2014-11-13 09:02:28] chamilo.INFO: > GET /index.php?loginFailed=1&error=account_inactive [] []
[2014-11-13 09:02:28] chamilo.INFO: < 200 [] []
[2014-11-13 09:02:28] chamilo.INFO: Page loaded in:0.10598993301392 [] []
[2014-11-13 09:02:28] chamilo.INFO: memory_get_usage: 6.25M [] []
[2014-11-13 09:02:28] chamilo.INFO: memory_get_peak_usage: 6.25M [] []
[2014-11-13 09:02:46] chamilo.INFO: > GET / [] []
[2014-11-13 09:02:46] chamilo.INFO: < 200 [] []
[2014-11-13 09:02:46] chamilo.INFO: Page loaded in:0.13900589942932 [] []
[2014-11-13 09:02:46] chamilo.INFO: memory_get_usage: 6.25M [] []
[2014-11-13 09:02:46] chamilo.INFO: memory_get_peak_usage: 6.25M [] []
[2014-11-13 09:02:50] chamilo.INFO: > GET /index.php?loginFailed=1&error=account_inactive [] []
[2014-11-13 09:02:50] chamilo.INFO: < 200 [] []
[2014-11-13 09:02:50] chamilo.INFO: Page loaded in:0.14837694168091 [] []
[2014-11-13 09:02:50] chamilo.INFO: memory_get_usage: 6.25M [] []
[2014-11-13 09:02:50] chamilo.INFO: memory_get_peak_usage: 6.25M [] []
[2014-11-13 09:02:54] chamilo.INFO: > GET /user_portal.php [] []
[2014-11-13 09:02:59] chamilo.INFO: < 200 [] []
[2014-11-13 09:02:59] chamilo.INFO: Page loaded in:5.1106841564178 [] []
[2014-11-13 09:02:59] chamilo.INFO: memory_get_usage: 5.5M [] []
[2014-11-13 09:02:59] chamilo.INFO: memory_get_peak_usage: 5.5M [] []
[2014-11-13 12:20:53] chamilo.INFO: > GET / [] []
[2014-11-13 12:20:54] chamilo.INFO: < 200 [] []
[2014-11-13 12:20:54] chamilo.INFO: Page loaded in:0.10391497612 [] []
[2014-11-13 12:20:54] chamilo.INFO: memory_get_usage: 6M [] []
[2014-11-13 12:20:54] chamilo.INFO: memory_get_peak_usage: 6M [] []
[2014-11-13 12:22:07] chamilo.INFO: > GET /user_portal.php [] []
[2014-11-13 12:22:10] chamilo.INFO: < 200 [] []
[2014-11-13 12:22:10] chamilo.INFO: Page loaded in:2.580451965332 [] []
[2014-11-13 12:22:10] chamilo.INFO: memory_get_usage: 5.5M [] []
[2014-11-13 12:22:10] chamilo.INFO: memory_get_peak_usage: 5.5M [] []
[2014-11-13 12:37:47] chamilo.INFO: > GET / [] []
[2014-11-13 12:37:48] chamilo.INFO: < 200 [] []
[2014-11-13 12:37:48] chamilo.INFO: Page loaded in:0.12920713424683 [] []
[2014-11-13 12:37:48] chamilo.INFO: memory_get_usage: 6.25M [] []
[2014-11-13 12:37:48] chamilo.INFO: memory_get_peak_usage: 6.25M [] []
[2014-11-13 12:37:52] chamilo.INFO: > GET /index.php?loginFailed=1&error=user_password_incorrect [] []
[2014-11-13 12:37:52] chamilo.INFO: < 200 [] []
[2014-11-13 12:37:52] chamilo.INFO: Page loaded in:0.11140394210815 [] []
[2014-11-13 12:37:52] chamilo.INFO: memory_get_usage: 6.25M [] []
[2014-11-13 12:37:52] chamilo.INFO: memory_get_peak_usage: 6.25M [] []
[2014-11-13 12:37:56] chamilo.INFO: > GET /user_portal.php [] []
[2014-11-13 12:37:58] chamilo.INFO: < 200 [] []
[2014-11-13 12:37:58] chamilo.INFO: Page loaded in:2.3237290382385 [] []
[2014-11-13 12:37:58] chamilo.INFO: memory_get_usage: 5.25M [] []
[2014-11-13 12:37:58] chamilo.INFO: memory_get_peak_usage: 5.25M [] []
[2014-11-13 12:38:32] chamilo.INFO: > GET / [] []
[2014-11-13 12:38:32] chamilo.INFO: < 200 [] []
[2014-11-13 12:38:32] chamilo.INFO: Page loaded in:0.10742688179016 [] []
[2014-11-13 12:38:32] chamilo.INFO: memory_get_usage: 6.25M [] []
[2014-11-13 12:38:32] chamilo.INFO: memory_get_peak_usage: 6.25M [] []
[2014-11-13 12:38:36] chamilo.INFO: > GET /user_portal.php [] []
[2014-11-13 12:38:43] chamilo.INFO: < 200 [] []
[2014-11-13 12:38:43] chamilo.INFO: Page loaded in:7.8466968536377 [] []
[2014-11-13 12:38:43] chamilo.INFO: memory_get_usage: 5.5M [] []
[2014-11-13 12:38:43] chamilo.INFO: memory_get_peak_usage: 5.5M [] []
[2014-11-13 12:48:05] chamilo.INFO: > GET /user_portal.php [] []
[2014-11-13 12:48:07] chamilo.INFO: < 200 [] []
[2014-11-13 12:48:07] chamilo.INFO: Page loaded in:2.0568170547485 [] []
[2014-11-13 12:48:07] chamilo.INFO: memory_get_usage: 5.5M [] []
[2014-11-13 12:48:07] chamilo.INFO: memory_get_peak_usage: 5.5M [] []
[2014-11-13 13:07:39] chamilo.INFO: > GET /user_portal.php [] []
[2014-11-13 13:07:41] chamilo.INFO: < 200 [] []
[2014-11-13 13:07:41] chamilo.INFO: Page loaded in:2.4046671390533 [] []
[2014-11-13 13:07:41] chamilo.INFO: memory_get_usage: 5.5M [] []
[2014-11-13 13:07:41] chamilo.INFO: memory_get_peak_usage: 5.5M [] []
[2014-11-13 13:08:00] chamilo.INFO: > GET /user_portal.php [] []
[2014-11-13 13:08:02] chamilo.INFO: < 200 [] []
[2014-11-13 13:08:02] chamilo.INFO: Page loaded in:2.3577070236206 [] []
[2014-11-13 13:08:02] chamilo.INFO: memory_get_usage: 5.5M [] []
[2014-11-13 13:08:02] chamilo.INFO: memory_get_peak_usage: 5.5M [] []
[2014-11-13 13:08:32] chamilo.INFO: > GET /user_portal.php [] []
[2014-11-13 13:08:34] chamilo.INFO: < 200 [] []
[2014-11-13 13:08:34] chamilo.INFO: Page loaded in:2.1989779472351 [] []
[2014-11-13 13:08:34] chamilo.INFO: memory_get_usage: 6.25M [] []
[2014-11-13 13:08:34] chamilo.INFO: memory_get_peak_usage: 6.5M [] []
[2014-11-13 13:08:57] chamilo.INFO: > GET /user_portal.php [] []
[2014-11-13 13:08:59] chamilo.INFO: < 200 [] []
[2014-11-13 13:08:59] chamilo.INFO: Page loaded in:2.0509810447693 [] []
[2014-11-13 13:08:59] chamilo.INFO: memory_get_usage: 6.25M [] []
[2014-11-13 13:08:59] chamilo.INFO: memory_get_peak_usage: 6.5M [] []
[2014-11-13 13:12:45] chamilo.INFO: > GET /user_portal.php [] []
[2014-11-13 13:12:49] chamilo.INFO: < 200 [] []
[2014-11-13 13:12:49] chamilo.INFO: Page loaded in:3.9941699504852 [] []
[2014-11-13 13:12:49] chamilo.INFO: memory_get_usage: 5.5M [] []
[2014-11-13 13:12:49] chamilo.INFO: memory_get_peak_usage: 5.5M [] []
[2014-11-13 13:13:36] chamilo.INFO: > GET /user_portal.php [] []
[2014-11-13 13:13:38] chamilo.INFO: < 200 [] []
[2014-11-13 13:13:38] chamilo.INFO: Page loaded in:2.0226359367371 [] []
[2014-11-13 13:13:38] chamilo.INFO: memory_get_usage: 6.25M [] []
[2014-11-13 13:13:38] chamilo.INFO: memory_get_peak_usage: 6.5M [] []
[2014-11-13 13:18:26] chamilo.INFO: > GET /user_portal.php [] []
[2014-11-13 13:18:28] chamilo.INFO: < 200 [] []
[2014-11-13 13:18:28] chamilo.INFO: Page loaded in:2.0102920532227 [] []
[2014-11-13 13:18:28] chamilo.INFO: memory_get_usage: 5.5M [] []
[2014-11-13 13:18:28] chamilo.INFO: memory_get_peak_usage: 5.5M [] []
[2014-11-13 13:19:49] chamilo.INFO: > GET /index.php [] []
[2014-11-13 13:19:52] chamilo.INFO: < 200 [] []
[2014-11-13 13:19:52] chamilo.INFO: Page loaded in:2.292564868927 [] []
[2014-11-13 13:19:52] chamilo.INFO: memory_get_usage: 6.25M [] []
[2014-11-13 13:19:52] chamilo.INFO: memory_get_peak_usage: 6.25M [] []
[2014-11-13 13:19:56] chamilo.INFO: > GET /user_portal.php [] []
[2014-11-13 13:19:59] chamilo.INFO: < 200 [] []
[2014-11-13 13:19:59] chamilo.INFO: Page loaded in:2.9818007946014 [] []
[2014-11-13 13:19:59] chamilo.INFO: memory_get_usage: 5.25M [] []
[2014-11-13 13:19:59] chamilo.INFO: memory_get_peak_usage: 5.5M [] []
[2014-11-13 13:20:38] chamilo.INFO: > GET /user_portal.php [] []
[2014-11-13 13:20:40] chamilo.INFO: < 200 [] []
[2014-11-13 13:20:40] chamilo.INFO: Page loaded in:2.0461840629578 [] []
[2014-11-13 13:20:40] chamilo.INFO: memory_get_usage: 5.5M [] []
[2014-11-13 13:20:40] chamilo.INFO: memory_get_peak_usage: 5.5M [] []
[2014-11-13 13:20:55] chamilo.INFO: > GET /user_portal.php [] []
[2014-11-13 13:20:59] chamilo.INFO: < 200 [] []
[2014-11-13 13:20:59] chamilo.INFO: Page loaded in:4.0719921588898 [] []
[2014-11-13 13:20:59] chamilo.INFO: memory_get_usage: 5.5M [] []
[2014-11-13 13:20:59] chamilo.INFO: memory_get_peak_usage: 5.5M [] []
[2014-11-13 13:21:48] chamilo.INFO: > GET /user_portal.php [] []
[2014-11-13 13:21:51] chamilo.INFO: < 200 [] []
[2014-11-13 13:21:51] chamilo.INFO: Page loaded in:2.6095478534698 [] []
[2014-11-13 13:21:51] chamilo.INFO: memory_get_usage: 5.5M [] []
[2014-11-13 13:21:51] chamilo.INFO: memory_get_peak_usage: 5.5M [] []
[2014-11-13 14:53:50] chamilo.INFO: > GET / [] []
[2014-11-13 14:53:50] chamilo.INFO: < 200 [] []
[2014-11-13 14:53:50] chamilo.INFO: Page loaded in:0.10057997703552 [] []
[2014-11-13 14:53:50] chamilo.INFO: memory_get_usage: 6.25M [] []
[2014-11-13 14:53:50] chamilo.INFO: memory_get_peak_usage: 6.25M [] []
[2014-11-13 14:54:05] chamilo.INFO: > GET /user_portal.php [] []
[2014-11-13 14:54:07] chamilo.INFO: < 200 [] []
[2014-11-13 14:54:07] chamilo.INFO: Page loaded in:2.4370379447937 [] []
[2014-11-13 14:54:07] chamilo.INFO: memory_get_usage: 5.5M [] []
[2014-11-13 14:54:07] chamilo.INFO: memory_get_peak_usage: 5.5M [] []
[2014-11-13 14:55:01] chamilo.INFO: > GET /user_portal.php [] []
[2014-11-13 14:55:03] chamilo.INFO: < 200 [] []
[2014-11-13 14:55:03] chamilo.INFO: Page loaded in:2.1943130493164 [] []
[2014-11-13 14:55:03] chamilo.INFO: memory_get_usage: 5.25M [] []
[2014-11-13 14:55:03] chamilo.INFO: memory_get_peak_usage: 5.5M [] []
[2014-11-13 14:55:58] chamilo.INFO: > GET /user_portal.php [] []
[2014-11-13 14:56:00] chamilo.INFO: < 200 [] []
[2014-11-13 14:56:00] chamilo.INFO: Page loaded in:2.0227620601654 [] []
[2014-11-13 14:56:00] chamilo.INFO: memory_get_usage: 5.25M [] []
[2014-11-13 14:56:00] chamilo.INFO: memory_get_peak_usage: 5.25M [] []
[2014-11-13 14:59:32] chamilo.INFO: > GET / [] []
[2014-11-13 14:59:32] chamilo.INFO: < 200 [] []
[2014-11-13 14:59:32] chamilo.INFO: Page loaded in:0.1033079624176 [] []
[2014-11-13 14:59:32] chamilo.INFO: memory_get_usage: 6.25M [] []
[2014-11-13 14:59:32] chamilo.INFO: memory_get_peak_usage: 6.25M [] []
[2014-11-13 14:59:34] chamilo.INFO: > GET /user_portal.php [] []
[2014-11-13 14:59:37] chamilo.INFO: < 200 [] []
[2014-11-13 14:59:37] chamilo.INFO: Page loaded in:2.1784191131592 [] []
[2014-11-13 14:59:37] chamilo.INFO: memory_get_usage: 5.5M [] []
[2014-11-13 14:59:37] chamilo.INFO: memory_get_peak_usage: 5.5M [] []
[2014-11-13 14:59:55] chamilo.INFO: > GET /user_portal.php [] []
[2014-11-13 14:59:57] chamilo.INFO: < 200 [] []
[2014-11-13 14:59:57] chamilo.INFO: Page loaded in:2.0284628868103 [] []
[2014-11-13 14:59:57] chamilo.INFO: memory_get_usage: 5.25M [] []
[2014-11-13 14:59:57] chamilo.INFO: memory_get_peak_usage: 5.5M [] []
[2014-11-13 15:01:21] chamilo.INFO: > GET /user_portal.php [] []
[2014-11-13 15:01:23] chamilo.INFO: < 200 [] []
[2014-11-13 15:01:23] chamilo.INFO: Page loaded in:1.9909749031067 [] []
[2014-11-13 15:01:23] chamilo.INFO: memory_get_usage: 5.25M [] []
[2014-11-13 15:01:23] chamilo.INFO: memory_get_peak_usage: 5.5M [] []
[2014-11-13 15:03:10] chamilo.INFO: > GET /user_portal.php [] []
[2014-11-13 15:03:12] chamilo.INFO: < 200 [] []
[2014-11-13 15:03:12] chamilo.INFO: Page loaded in:2.0655169487 [] []
[2014-11-13 15:03:12] chamilo.INFO: memory_get_usage: 5.25M [] []
[2014-11-13 15:03:12] chamilo.INFO: memory_get_peak_usage: 5.25M [] []
[2014-11-13 15:03:20] chamilo.INFO: > GET /user_portal.php [] []
[2014-11-13 15:03:22] chamilo.INFO: < 200 [] []
[2014-11-13 15:03:22] chamilo.INFO: Page loaded in:2.0166530609131 [] []
[2014-11-13 15:03:22] chamilo.INFO: memory_get_usage: 5.25M [] []
[2014-11-13 15:03:22] chamilo.INFO: memory_get_peak_usage: 5.25M [] []
[2014-11-13 15:07:05] chamilo.INFO: > GET /user_portal.php [] []
[2014-11-13 15:07:08] chamilo.INFO: < 200 [] []
[2014-11-13 15:07:08] chamilo.INFO: Page loaded in:2.6750838756561 [] []
[2014-11-13 15:07:08] chamilo.INFO: memory_get_usage: 5.25M [] []
[2014-11-13 15:07:08] chamilo.INFO: memory_get_peak_usage: 5.25M [] []
[2014-11-13 15:07:27] chamilo.INFO: > GET /user_portal.php [] []
[2014-11-13 15:07:29] chamilo.INFO: < 200 [] []
[2014-11-13 15:07:29] chamilo.INFO: Page loaded in:1.9859609603882 [] []
[2014-11-13 15:07:29] chamilo.INFO: memory_get_usage: 5.5M [] []
[2014-11-13 15:07:29] chamilo.INFO: memory_get_peak_usage: 5.5M [] []
[2014-11-13 15:11:46] chamilo.INFO: > GET /user_portal.php [] []
[2014-11-13 15:11:48] chamilo.INFO: < 200 [] []
[2014-11-13 15:11:48] chamilo.INFO: Page loaded in:2.8291499614716 [] []
[2014-11-13 15:11:48] chamilo.INFO: memory_get_usage: 5.25M [] []
[2014-11-13 15:11:48] chamilo.INFO: memory_get_peak_usage: 5.25M [] []
[2014-11-13 15:12:24] chamilo.INFO: > GET /user_portal.php [] []
[2014-11-13 15:12:27] chamilo.INFO: < 200 [] []
[2014-11-13 15:12:27] chamilo.INFO: Page loaded in:2.7683808803558 [] []
[2014-11-13 15:12:27] chamilo.INFO: memory_get_usage: 5.5M [] []
[2014-11-13 15:12:27] chamilo.INFO: memory_get_peak_usage: 5.5M [] []
[2014-11-13 15:13:15] chamilo.INFO: > GET /user_portal.php?nosession=true [] []
[2014-11-13 15:13:18] chamilo.INFO: < 200 [] []
[2014-11-13 15:13:18] chamilo.INFO: Page loaded in:2.5008590221405 [] []
[2014-11-13 15:13:18] chamilo.INFO: memory_get_usage: 5.5M [] []
[2014-11-13 15:13:18] chamilo.INFO: memory_get_peak_usage: 5.5M [] []
[2014-11-13 15:13:40] chamilo.INFO: > GET /user_portal.php?nosession=true [] []
[2014-11-13 15:13:42] chamilo.INFO: < 200 [] []
[2014-11-13 15:13:42] chamilo.INFO: Page loaded in:2.0156450271606 [] []
[2014-11-13 15:13:42] chamilo.INFO: memory_get_usage: 5.5M [] []
[2014-11-13 15:13:42] chamilo.INFO: memory_get_peak_usage: 5.5M [] []
[2014-11-13 15:14:24] chamilo.INFO: > GET /user_portal.php?nosession=true [] []
[2014-11-13 15:14:28] chamilo.INFO: < 200 [] []
[2014-11-13 15:14:28] chamilo.INFO: Page loaded in:4.2508199214935 [] []
[2014-11-13 15:14:28] chamilo.INFO: memory_get_usage: 6.25M [] []
[2014-11-13 15:14:28] chamilo.INFO: memory_get_peak_usage: 6.25M [] []
[2014-11-13 15:14:28] chamilo.INFO: > GET /user_portal.php?nosession=true [] []
[2014-11-13 15:14:30] chamilo.INFO: < 200 [] []
[2014-11-13 15:14:30] chamilo.INFO: Page loaded in:2.016658782959 [] []
[2014-11-13 15:14:30] chamilo.INFO: memory_get_usage: 5.25M [] []
[2014-11-13 15:14:30] chamilo.INFO: memory_get_peak_usage: 5.5M [] []
[2014-11-13 15:14:30] chamilo.INFO: > GET /user_portal.php?nosession=true [] []
[2014-11-13 15:14:32] chamilo.INFO: < 200 [] []
[2014-11-13 15:14:32] chamilo.INFO: Page loaded in:3.0940809249878 [] []
[2014-11-13 15:14:32] chamilo.INFO: memory_get_usage: 5.25M [] []
[2014-11-13 15:14:32] chamilo.INFO: memory_get_peak_usage: 5.25M [] []
[2014-11-13 15:15:57] chamilo.INFO: > GET /user_portal.php?nosession=true [] []
[2014-11-13 15:15:59] chamilo.INFO: < 200 [] []
[2014-11-13 15:15:59] chamilo.INFO: Page loaded in:2.1598868370056 [] []
[2014-11-13 15:15:59] chamilo.INFO: memory_get_usage: 5.5M [] []
[2014-11-13 15:15:59] chamilo.INFO: memory_get_peak_usage: 5.5M [] []
[2014-11-13 15:18:05] chamilo.INFO: > GET /user_portal.php [] []
[2014-11-13 15:18:09] chamilo.INFO: < 200 [] []
[2014-11-13 15:18:09] chamilo.INFO: Page loaded in:3.9732370376587 [] []
[2014-11-13 15:18:09] chamilo.INFO: memory_get_usage: 5.25M [] []
[2014-11-13 15:18:09] chamilo.INFO: memory_get_peak_usage: 5.25M [] []
[2014-11-13 15:31:07] chamilo.INFO: > GET /user_portal.php [] []
[2014-11-13 15:31:10] chamilo.INFO: < 200 [] []
[2014-11-13 15:31:10] chamilo.INFO: Page loaded in:3.4469909667969 [] []
[2014-11-13 15:31:10] chamilo.INFO: memory_get_usage: 5.25M [] []
[2014-11-13 15:31:10] chamilo.INFO: memory_get_peak_usage: 5.25M [] []
[2014-11-13 15:31:37] chamilo.INFO: > GET /user_portal.php [] []
[2014-11-13 15:31:40] chamilo.INFO: < 200 [] []
[2014-11-13 15:31:40] chamilo.INFO: Page loaded in:2.421257019043 [] []
[2014-11-13 15:31:40] chamilo.INFO: memory_get_usage: 6.25M [] []
[2014-11-13 15:31:40] chamilo.INFO: memory_get_peak_usage: 6.25M [] []
[2014-11-13 15:33:08] chamilo.INFO: > GET /user_portal.php [] []
[2014-11-13 15:33:10] chamilo.INFO: < 200 [] []
[2014-11-13 15:33:10] chamilo.INFO: Page loaded in:2.4832170009613 [] []
[2014-11-13 15:33:10] chamilo.INFO: memory_get_usage: 5.25M [] []
[2014-11-13 15:33:10] chamilo.INFO: memory_get_peak_usage: 5.25M [] []
[2014-11-13 15:37:07] chamilo.INFO: > GET /user_portal.php?nosession=true [] []
[2014-11-13 15:37:10] chamilo.INFO: < 200 [] []
[2014-11-13 15:37:10] chamilo.INFO: Page loaded in:2.9154109954834 [] []
[2014-11-13 15:37:10] chamilo.INFO: memory_get_usage: 5.25M [] []
[2014-11-13 15:37:10] chamilo.INFO: memory_get_peak_usage: 5.5M [] []
[2014-11-13 15:40:06] chamilo.INFO: > GET /user_portal.php?nosession=true [] []
[2014-11-13 15:40:10] chamilo.INFO: < 200 [] []
[2014-11-13 15:40:10] chamilo.INFO: Page loaded in:3.9899609088898 [] []
[2014-11-13 15:40:10] chamilo.INFO: memory_get_usage: 5.25M [] []
[2014-11-13 15:40:10] chamilo.INFO: memory_get_peak_usage: 5.5M [] []
[2014-11-13 15:40:18] chamilo.INFO: > GET /user_portal.php [] []
[2014-11-13 15:40:20] chamilo.INFO: < 200 [] []
[2014-11-13 15:40:20] chamilo.INFO: Page loaded in:2.0479049682617 [] []
[2014-11-13 15:40:20] chamilo.INFO: memory_get_usage: 5.25M [] []
[2014-11-13 15:40:20] chamilo.INFO: memory_get_peak_usage: 5.5M [] []
[2014-11-13 15:40:32] chamilo.INFO: > GET /user_portal.php?nosession=true [] []
[2014-11-13 15:40:34] chamilo.INFO: < 200 [] []
[2014-11-13 15:40:34] chamilo.INFO: Page loaded in:2.0243239402771 [] []
[2014-11-13 15:40:34] chamilo.INFO: memory_get_usage: 5.25M [] []
[2014-11-13 15:40:34] chamilo.INFO: memory_get_peak_usage: 5.25M [] []
[2014-11-13 15:41:06] chamilo.INFO: > GET /user_portal.php [] []
[2014-11-13 15:41:10] chamilo.INFO: < 200 [] []
[2014-11-13 15:41:10] chamilo.INFO: Page loaded in:3.9202609062195 [] []
[2014-11-13 15:41:10] chamilo.INFO: memory_get_usage: 5.25M [] []
[2014-11-13 15:41:10] chamilo.INFO: memory_get_peak_usage: 5.25M [] []
[2014-11-13 15:55:56] chamilo.INFO: > GET / [] []
[2014-11-13 15:55:56] chamilo.INFO: < 200 [] []
[2014-11-13 15:55:56] chamilo.INFO: Page loaded in:0.37934398651123 [] []
[2014-11-13 15:55:56] chamilo.INFO: memory_get_usage: 6M [] []
[2014-11-13 15:55:56] chamilo.INFO: memory_get_peak_usage: 6M [] []
[2014-11-13 15:56:02] chamilo.INFO: > GET /user_portal.php [] []
[2014-11-13 15:56:05] chamilo.INFO: < 200 [] []
[2014-11-13 15:56:05] chamilo.INFO: Page loaded in:2.6404368877411 [] []
[2014-11-13 15:56:05] chamilo.INFO: memory_get_usage: 5.25M [] []
[2014-11-13 15:56:05] chamilo.INFO: memory_get_peak_usage: 5.5M [] []
[2014-11-13 15:56:09] chamilo.INFO: > GET /index.php?logout=logout&uid=671178 [] []
[2014-11-13 15:56:09] chamilo.INFO: < 200 [] []
[2014-11-13 15:56:09] chamilo.INFO: Page loaded in:0.11715197563171 [] []
[2014-11-13 15:56:09] chamilo.INFO: memory_get_usage: 6.25M [] []
[2014-11-13 15:56:09] chamilo.INFO: memory_get_peak_usage: 6.25M [] []
[2014-11-13 15:56:14] chamilo.INFO: > GET /user_portal.php [] []
[2014-11-13 15:56:16] chamilo.INFO: < 200 [] []
[2014-11-13 15:56:16] chamilo.INFO: Page loaded in:2.0074000358582 [] []
[2014-11-13 15:56:16] chamilo.INFO: memory_get_usage: 5.25M [] []
[2014-11-13 15:56:16] chamilo.INFO: memory_get_peak_usage: 5.5M [] []
[2014-11-13 15:56:25] chamilo.INFO: > GET /index.php?logout=logout&uid=671179 [] []
[2014-11-13 15:56:25] chamilo.INFO: < 200 [] []
[2014-11-13 15:56:25] chamilo.INFO: Page loaded in:0.11411190032959 [] []
[2014-11-13 15:56:25] chamilo.INFO: memory_get_usage: 6.25M [] []
[2014-11-13 15:56:25] chamilo.INFO: memory_get_peak_usage: 6.25M [] []
[2014-11-13 15:56:32] chamilo.INFO: > GET /user_portal.php [] []
[2014-11-13 15:56:34] chamilo.INFO: < 200 [] []
[2014-11-13 15:56:34] chamilo.INFO: Page loaded in:2.0385618209839 [] []
[2014-11-13 15:56:34] chamilo.INFO: memory_get_usage: 5.25M [] []
[2014-11-13 15:56:34] chamilo.INFO: memory_get_peak_usage: 5.25M [] []
[2014-11-13 15:56:53] chamilo.INFO: > GET /user_portal.php [] []
[2014-11-13 15:56:55] chamilo.INFO: < 200 [] []
[2014-11-13 15:56:55] chamilo.INFO: Page loaded in:2.2235398292542 [] []
[2014-11-13 15:56:55] chamilo.INFO: memory_get_usage: 5.25M [] []
[2014-11-13 15:56:55] chamilo.INFO: memory_get_peak_usage: 5.25M [] []
[2014-11-13 15:57:56] chamilo.INFO: > GET /user_portal.php [] []
[2014-11-13 15:57:58] chamilo.INFO: < 200 [] []
[2014-11-13 15:57:58] chamilo.INFO: Page loaded in:2.0189740657806 [] []
[2014-11-13 15:57:58] chamilo.INFO: memory_get_usage: 6.25M [] []
[2014-11-13 15:57:58] chamilo.INFO: memory_get_peak_usage: 6.25M [] []
[2014-11-13 15:58:07] chamilo.INFO: > GET /user_portal.php [] []
[2014-11-13 15:58:09] chamilo.INFO: < 200 [] []
[2014-11-13 15:58:09] chamilo.INFO: Page loaded in:2.0175738334656 [] []
[2014-11-13 15:58:09] chamilo.INFO: memory_get_usage: 6.25M [] []
[2014-11-13 15:58:09] chamilo.INFO: memory_get_peak_usage: 6.25M [] []
[2014-11-13 15:58:24] chamilo.INFO: > GET /user_portal.php [] []
[2014-11-13 15:58:26] chamilo.INFO: < 200 [] []
[2014-11-13 15:58:26] chamilo.INFO: Page loaded in:2.0531139373779 [] []
[2014-11-13 15:58:26] chamilo.INFO: memory_get_usage: 6.25M [] []
[2014-11-13 15:58:26] chamilo.INFO: memory_get_peak_usage: 6.25M [] []
[2014-11-13 15:58:54] chamilo.INFO: > GET /user_portal.php [] []
[2014-11-13 15:58:56] chamilo.INFO: < 200 [] []
[2014-11-13 15:58:56] chamilo.INFO: Page loaded in:2.0402100086212 [] []
[2014-11-13 15:58:56] chamilo.INFO: memory_get_usage: 6.25M [] []
[2014-11-13 15:58:56] chamilo.INFO: memory_get_peak_usage: 6.25M [] []
[2014-11-13 15:59:26] chamilo.INFO: > GET /user_portal.php?nosession=true [] []
[2014-11-13 15:59:28] chamilo.INFO: < 200 [] []
[2014-11-13 15:59:28] chamilo.INFO: Page loaded in:2.1550989151001 [] []
[2014-11-13 15:59:28] chamilo.INFO: memory_get_usage: 5.25M [] []
[2014-11-13 15:59:28] chamilo.INFO: memory_get_peak_usage: 5.25M [] []
[2014-11-13 16:00:03] chamilo.INFO: > GET /user_portal.php [] []
[2014-11-13 16:00:05] chamilo.INFO: < 200 [] []
[2014-11-13 16:00:05] chamilo.INFO: Page loaded in:2.2307538986206 [] []
[2014-11-13 16:00:05] chamilo.INFO: memory_get_usage: 6.25M [] []
[2014-11-13 16:00:05] chamilo.INFO: memory_get_peak_usage: 6.25M [] []
[2014-11-13 16:00:16] chamilo.INFO: > GET /user_portal.php [] []
[2014-11-13 16:00:18] chamilo.INFO: < 200 [] []
[2014-11-13 16:00:18] chamilo.INFO: Page loaded in:2.0540118217468 [] []
[2014-11-13 16:00:18] chamilo.INFO: memory_get_usage: 6.25M [] []
[2014-11-13 16:00:18] chamilo.INFO: memory_get_peak_usage: 6.25M [] []
[2014-11-13 16:00:28] chamilo.INFO: > GET /user_portal.php [] []
[2014-11-13 16:00:30] chamilo.INFO: < 200 [] []
[2014-11-13 16:00:30] chamilo.INFO: Page loaded in:2.1103999614716 [] []
[2014-11-13 16:00:30] chamilo.INFO: memory_get_usage: 6.25M [] []
[2014-11-13 16:00:30] chamilo.INFO: memory_get_peak_usage: 6.25M [] []
[2014-11-13 16:00:50] chamilo.INFO: > GET /user_portal.php [] []
[2014-11-13 16:00:52] chamilo.INFO: < 200 [] []
[2014-11-13 16:00:52] chamilo.INFO: Page loaded in:2.0386610031128 [] []
[2014-11-13 16:00:52] chamilo.INFO: memory_get_usage: 6.25M [] []
[2014-11-13 16:00:52] chamilo.INFO: memory_get_peak_usage: 6.25M [] []
[2014-11-13 16:02:46] chamilo.INFO: > GET /user_portal.php [] []
[2014-11-13 16:02:50] chamilo.INFO: < 200 [] []
[2014-11-13 16:02:50] chamilo.INFO: Page loaded in:4.206248998642 [] []
[2014-11-13 16:02:50] chamilo.INFO: memory_get_usage: 5.25M [] []
[2014-11-13 16:02:50] chamilo.INFO: memory_get_peak_usage: 5.25M [] []
[2014-11-13 16:13:26] chamilo.INFO: > GET /user_portal.php [] []
[2014-11-13 16:13:28] chamilo.INFO: < 200 [] []
[2014-11-13 16:13:28] chamilo.INFO: Page loaded in:2.2160530090332 [] []
[2014-11-13 16:13:28] chamilo.INFO: memory_get_usage: 5.25M [] []
[2014-11-13 16:13:28] chamilo.INFO: memory_get_peak_usage: 5.25M [] []
[2014-11-13 16:15:44] chamilo.INFO: > GET /user_portal.php [] []
[2014-11-13 16:15:46] chamilo.INFO: < 200 [] []
[2014-11-13 16:15:46] chamilo.INFO: Page loaded in:2.041846036911 [] []
[2014-11-13 16:15:46] chamilo.INFO: memory_get_usage: 5.25M [] []
[2014-11-13 16:15:46] chamilo.INFO: memory_get_peak_usage: 5.25M [] []
[2014-11-13 16:16:08] chamilo.INFO: > GET /user_portal.php?nosession=true [] []
[2014-11-13 16:16:13] chamilo.INFO: < 200 [] []
[2014-11-13 16:16:13] chamilo.INFO: Page loaded in:4.6920809745789 [] []
[2014-11-13 16:16:13] chamilo.INFO: memory_get_usage: 5.25M [] []
[2014-11-13 16:16:13] chamilo.INFO: memory_get_peak_usage: 5.25M [] []
[2014-11-13 16:17:08] chamilo.INFO: > GET / [] []
[2014-11-13 16:17:08] chamilo.INFO: < 200 [] []
[2014-11-13 16:17:08] chamilo.INFO: Page loaded in:0.17134308815002 [] []
[2014-11-13 16:17:08] chamilo.INFO: memory_get_usage: 6M [] []
[2014-11-13 16:17:08] chamilo.INFO: memory_get_peak_usage: 6M [] []
[2014-11-13 16:17:15] chamilo.INFO: > GET /user_portal.php [] []
[2014-11-13 16:17:17] chamilo.INFO: < 200 [] []
[2014-11-13 16:17:17] chamilo.INFO: Page loaded in:2.330029964447 [] []
[2014-11-13 16:17:17] chamilo.INFO: memory_get_usage: 5.25M [] []
[2014-11-13 16:17:17] chamilo.INFO: memory_get_peak_usage: 5.5M [] []
[2014-11-13 16:17:39] chamilo.INFO: > GET /user_portal.php [] []
[2014-11-13 16:17:41] chamilo.INFO: < 200 [] []
[2014-11-13 16:17:41] chamilo.INFO: Page loaded in:2.0304749011993 [] []
[2014-11-13 16:17:41] chamilo.INFO: memory_get_usage: 5.25M [] []
[2014-11-13 16:17:41] chamilo.INFO: memory_get_peak_usage: 5.5M [] []
[2014-11-13 16:17:42] chamilo.INFO: > GET /user_portal.php [] []
[2014-11-13 16:17:44] chamilo.INFO: < 200 [] []
[2014-11-13 16:17:44] chamilo.INFO: Page loaded in:2.0561809539795 [] []
[2014-11-13 16:17:44] chamilo.INFO: memory_get_usage: 5.25M [] []
[2014-11-13 16:17:44] chamilo.INFO: memory_get_peak_usage: 5.25M [] []
[2014-11-13 16:21:25] chamilo.INFO: > GET /user_portal.php?nosession=true [] []
[2014-11-13 16:21:27] chamilo.INFO: < 200 [] []
[2014-11-13 16:21:27] chamilo.INFO: Page loaded in:2.1579248905182 [] []
[2014-11-13 16:21:27] chamilo.INFO: memory_get_usage: 5.25M [] []
[2014-11-13 16:21:27] chamilo.INFO: memory_get_peak_usage: 5.5M [] []
[2014-11-13 16:23:19] chamilo.INFO: > GET /user_portal.php?nosession=true [] []
[2014-11-13 16:23:22] chamilo.INFO: < 200 [] []
[2014-11-13 16:23:22] chamilo.INFO: Page loaded in:2.9888248443604 [] []
[2014-11-13 16:23:22] chamilo.INFO: memory_get_usage: 5.25M [] []
[2014-11-13 16:23:22] chamilo.INFO: memory_get_peak_usage: 5.25M [] []
[2014-11-13 16:23:32] chamilo.INFO: > GET /index.php?logout=logout&uid=671180 [] []
[2014-11-13 16:23:33] chamilo.INFO: < 200 [] []
[2014-11-13 16:23:33] chamilo.INFO: Page loaded in:0.3010630607605 [] []
[2014-11-13 16:23:33] chamilo.INFO: memory_get_usage: 6.25M [] []
[2014-11-13 16:23:33] chamilo.INFO: memory_get_peak_usage: 6.25M [] []
[2014-11-13 16:23:38] chamilo.INFO: > GET /user_portal.php [] []
[2014-11-13 16:23:41] chamilo.INFO: < 200 [] []
[2014-11-13 16:23:41] chamilo.INFO: Page loaded in:2.5342919826508 [] []
[2014-11-13 16:23:41] chamilo.INFO: memory_get_usage: 5.25M [] []
[2014-11-13 16:23:41] chamilo.INFO: memory_get_peak_usage: 5.25M [] []
[2014-11-13 16:23:43] chamilo.INFO: > GET /index.php?logout=logout&uid=671180 [] []
[2014-11-13 16:23:43] chamilo.INFO: < 200 [] []
[2014-11-13 16:23:43] chamilo.INFO: Page loaded in:0.16175293922424 [] []
[2014-11-13 16:23:43] chamilo.INFO: memory_get_usage: 6.25M [] []
[2014-11-13 16:23:43] chamilo.INFO: memory_get_peak_usage: 6.25M [] []
[2014-11-13 16:35:59] chamilo.INFO: > GET / [] []
[2014-11-13 16:36:01] chamilo.INFO: < 200 [] []
[2014-11-13 16:36:01] chamilo.INFO: Page loaded in:2.4346830844879 [] []
[2014-11-13 16:36:01] chamilo.INFO: memory_get_usage: 6.25M [] []
[2014-11-13 16:36:01] chamilo.INFO: memory_get_peak_usage: 6.25M [] []
[2014-11-13 16:38:40] chamilo.INFO: > GET / [] []
[2014-11-13 16:38:44] chamilo.INFO: < 200 [] []
[2014-11-13 16:38:44] chamilo.INFO: Page loaded in:4.5217659473419 [] []
[2014-11-13 16:38:44] chamilo.INFO: memory_get_usage: 6.5M [] []
[2014-11-13 16:38:44] chamilo.INFO: memory_get_peak_usage: 6.5M [] []
[2014-11-13 16:38:58] chamilo.INFO: > GET / [] []
[2014-11-13 16:39:00] chamilo.INFO: < 200 [] []
[2014-11-13 16:39:00] chamilo.INFO: Page loaded in:2.8836259841919 [] []
[2014-11-13 16:39:00] chamilo.INFO: memory_get_usage: 6.5M [] []
[2014-11-13 16:39:00] chamilo.INFO: memory_get_peak_usage: 6.5M [] []
[2014-11-13 16:39:14] chamilo.INFO: > GET / [] []
[2014-11-13 16:39:16] chamilo.INFO: < 200 [] []
[2014-11-13 16:39:16] chamilo.INFO: Page loaded in:2.168154001236 [] []
[2014-11-13 16:39:16] chamilo.INFO: memory_get_usage: 6.5M [] []
[2014-11-13 16:39:16] chamilo.INFO: memory_get_peak_usage: 6.5M [] []
[2014-11-13 16:41:29] chamilo.INFO: > GET / [] []
[2014-11-13 16:41:32] chamilo.INFO: < 200 [] []
[2014-11-13 16:41:32] chamilo.INFO: Page loaded in:3.0594370365143 [] []
[2014-11-13 16:41:32] chamilo.INFO: memory_get_usage: 6.25M [] []
[2014-11-13 16:41:32] chamilo.INFO: memory_get_peak_usage: 6.25M [] []
[2014-11-13 16:42:24] chamilo.INFO: > GET / [] []
[2014-11-13 16:42:28] chamilo.INFO: < 200 [] []
[2014-11-13 16:42:28] chamilo.INFO: Page loaded in:3.9291191101074 [] []
[2014-11-13 16:42:28] chamilo.INFO: memory_get_usage: 5M [] []
[2014-11-13 16:42:28] chamilo.INFO: memory_get_peak_usage: 5M [] []
[2014-11-13 16:42:54] chamilo.INFO: > GET /index.php?logout=logout&uid=1 [] []
[2014-11-13 16:42:54] chamilo.INFO: < 200 [] []
[2014-11-13 16:42:54] chamilo.INFO: Page loaded in:0.20926284790039 [] []
[2014-11-13 16:42:54] chamilo.INFO: memory_get_usage: 5.25M [] []
[2014-11-13 16:42:54] chamilo.INFO: memory_get_peak_usage: 5.25M [] []
[2014-11-14 08:55:12] chamilo.INFO: > GET / [] []
[2014-11-14 08:55:12] chamilo.INFO: < 200 [] []
[2014-11-14 08:55:12] chamilo.INFO: Page loaded in:0.43961811065674 [] []
[2014-11-14 08:55:12] chamilo.INFO: memory_get_usage: 6.25M [] []
[2014-11-14 08:55:12] chamilo.INFO: memory_get_peak_usage: 6.5M [] []
[2014-11-14 08:55:19] chamilo.INFO: > GET /user_portal.php [] []
[2014-11-14 08:55:22] chamilo.INFO: < 200 [] []
[2014-11-14 08:55:22] chamilo.INFO: Page loaded in:3.4170351028442 [] []
[2014-11-14 08:55:22] chamilo.INFO: memory_get_usage: 5.5M [] []
[2014-11-14 08:55:22] chamilo.INFO: memory_get_peak_usage: 5.5M [] []
[2014-11-14 08:55:29] chamilo.INFO: > GET / [] []
[2014-11-14 08:55:29] chamilo.INFO: < 200 [] []
[2014-11-14 08:55:29] chamilo.INFO: Page loaded in:0.10943913459778 [] []
[2014-11-14 08:55:29] chamilo.INFO: memory_get_usage: 6M [] []
[2014-11-14 08:55:29] chamilo.INFO: memory_get_peak_usage: 6M [] []
[2014-11-14 08:55:31] chamilo.INFO: > GET /user_portal.php [] []
[2014-11-14 08:55:34] chamilo.INFO: < 200 [] []
[2014-11-14 08:55:34] chamilo.INFO: Page loaded in:2.5476269721985 [] []
[2014-11-14 08:55:34] chamilo.INFO: memory_get_usage: 5.5M [] []
[2014-11-14 08:55:34] chamilo.INFO: memory_get_peak_usage: 5.5M [] []
[2014-11-14 08:56:44] chamilo.INFO: > GET /index.php?logout=logout&uid=671179 [] []
[2014-11-14 08:56:44] chamilo.INFO: < 200 [] []
[2014-11-14 08:56:44] chamilo.INFO: Page loaded in:0.12382102012634 [] []
[2014-11-14 08:56:44] chamilo.INFO: memory_get_usage: 6.25M [] []
[2014-11-14 08:56:44] chamilo.INFO: memory_get_peak_usage: 6.25M [] []
[2014-11-14 08:56:50] chamilo.INFO: > GET /user_portal.php [] []
[2014-11-14 08:56:52] chamilo.INFO: < 200 [] []
[2014-11-14 08:56:52] chamilo.INFO: Page loaded in:2.0415930747986 [] []
[2014-11-14 08:56:52] chamilo.INFO: memory_get_usage: 5.25M [] []
[2014-11-14 08:56:52] chamilo.INFO: memory_get_peak_usage: 5.25M [] []
[2014-11-14 08:59:04] chamilo.INFO: > GET /index.php?logout=logout&uid=671180 [] []
[2014-11-14 08:59:04] chamilo.INFO: < 200 [] []
[2014-11-14 08:59:04] chamilo.INFO: Page loaded in:0.10766005516052 [] []
[2014-11-14 08:59:04] chamilo.INFO: memory_get_usage: 6.25M [] []
[2014-11-14 08:59:04] chamilo.INFO: memory_get_peak_usage: 6.25M [] []
[2014-11-14 08:59:13] chamilo.INFO: > GET /user_portal.php [] []
[2014-11-14 08:59:16] chamilo.INFO: < 200 [] []
[2014-11-14 08:59:16] chamilo.INFO: Page loaded in:2.0498299598694 [] []
[2014-11-14 08:59:16] chamilo.INFO: memory_get_usage: 5.25M [] []
[2014-11-14 08:59:16] chamilo.INFO: memory_get_peak_usage: 5.25M [] []
[2014-11-14 09:04:17] chamilo.INFO: > GET /user_portal.php [] []
[2014-11-14 09:04:19] chamilo.INFO: < 200 [] []
[2014-11-14 09:04:19] chamilo.INFO: Page loaded in:1.9991898536682 [] []
[2014-11-14 09:04:19] chamilo.INFO: memory_get_usage: 5.25M [] []
[2014-11-14 09:04:19] chamilo.INFO: memory_get_peak_usage: 5.5M [] []
[2014-11-14 09:04:30] chamilo.INFO: > GET /user_portal.php [] []
[2014-11-14 09:04:32] chamilo.INFO: < 200 [] []
[2014-11-14 09:04:32] chamilo.INFO: Page loaded in:1.9973499774933 [] []
[2014-11-14 09:04:32] chamilo.INFO: memory_get_usage: 5.25M [] []
[2014-11-14 09:04:32] chamilo.INFO: memory_get_peak_usage: 5.5M [] []
[2014-11-14 09:04:41] chamilo.INFO: > GET /index.php?logout=logout&uid=671181 [] []
[2014-11-14 09:04:41] chamilo.INFO: < 200 [] []
[2014-11-14 09:04:41] chamilo.INFO: Page loaded in:0.10530090332031 [] []
[2014-11-14 09:04:41] chamilo.INFO: memory_get_usage: 6.25M [] []
[2014-11-14 09:04:41] chamilo.INFO: memory_get_peak_usage: 6.25M [] []
[2014-11-14 09:04:45] chamilo.INFO: > GET /user_portal.php [] []
[2014-11-14 09:04:47] chamilo.INFO: < 200 [] []
[2014-11-14 09:04:47] chamilo.INFO: Page loaded in:2.008385181427 [] []
[2014-11-14 09:04:47] chamilo.INFO: memory_get_usage: 5.25M [] []
[2014-11-14 09:04:47] chamilo.INFO: memory_get_peak_usage: 5.25M [] []
[2014-11-14 09:05:18] chamilo.INFO: > GET /index.php?logout=logout&uid=671180 [] []
[2014-11-14 09:05:18] chamilo.INFO: < 200 [] []
[2014-11-14 09:05:18] chamilo.INFO: Page loaded in:0.11886811256409 [] []
[2014-11-14 09:05:18] chamilo.INFO: memory_get_usage: 6.25M [] []
[2014-11-14 09:05:18] chamilo.INFO: memory_get_peak_usage: 6.25M [] []
[2014-11-14 09:05:23] chamilo.INFO: > GET /user_portal.php [] []
[2014-11-14 09:05:25] chamilo.INFO: < 200 [] []
[2014-11-14 09:05:25] chamilo.INFO: Page loaded in:1.995157957077 [] []
[2014-11-14 09:05:25] chamilo.INFO: memory_get_usage: 5.25M [] []
[2014-11-14 09:05:25] chamilo.INFO: memory_get_peak_usage: 5.25M [] []
[2014-11-14 09:05:33] chamilo.INFO: > GET /index.php?logout=logout&uid=671179 [] []
[2014-11-14 09:05:34] chamilo.INFO: < 200 [] []
[2014-11-14 09:05:34] chamilo.INFO: Page loaded in:0.11234593391418 [] []
[2014-11-14 09:05:34] chamilo.INFO: memory_get_usage: 6.25M [] []
[2014-11-14 09:05:34] chamilo.INFO: memory_get_peak_usage: 6.25M [] []
[2014-11-14 09:05:37] chamilo.INFO: > GET /user_portal.php [] []
[2014-11-14 09:05:39] chamilo.INFO: < 200 [] []
[2014-11-14 09:05:39] chamilo.INFO: Page loaded in:2.0089948177338 [] []
[2014-11-14 09:05:39] chamilo.INFO: memory_get_usage: 5.25M [] []
[2014-11-14 09:05:39] chamilo.INFO: memory_get_peak_usage: 5.25M [] []
[2014-11-14 09:05:50] chamilo.INFO: > GET /user_portal.php [] []
[2014-11-14 09:05:52] chamilo.INFO: < 200 [] []
[2014-11-14 09:05:52] chamilo.INFO: Page loaded in:2.0205972194672 [] []
[2014-11-14 09:05:52] chamilo.INFO: memory_get_usage: 5.25M [] []
[2014-11-14 09:05:52] chamilo.INFO: memory_get_peak_usage: 5.25M [] []
[2014-11-14 13:40:43] chamilo.INFO: > GET / [] []
[2014-11-14 13:40:44] chamilo.INFO: < 200 [] []
[2014-11-14 13:40:44] chamilo.INFO: Page loaded in:1.3196768760681 [] []
[2014-11-14 13:40:44] chamilo.INFO: memory_get_usage: 5M [] []
[2014-11-14 13:40:44] chamilo.INFO: memory_get_peak_usage: 5M [] []
[2014-11-14 13:42:41] chamilo.INFO: > GET /user_portal.php [] []
[2014-11-14 13:43:26] chamilo.INFO: < 200 [] []
[2014-11-14 13:43:26] chamilo.INFO: Page loaded in:45.245380163193 [] []
[2014-11-14 13:43:26] chamilo.INFO: memory_get_usage: 5.5M [] []
[2014-11-14 13:43:26] chamilo.INFO: memory_get_peak_usage: 9.5M [] []
[2014-11-14 14:00:43] chamilo.INFO: > GET /user_portal.php [] []
[2014-11-14 14:01:10] chamilo.INFO: < 200 [] []
[2014-11-14 14:01:10] chamilo.INFO: Page loaded in:27.367553949356 [] []
[2014-11-14 14:01:10] chamilo.INFO: memory_get_usage: 8.25M [] []
[2014-11-14 14:01:10] chamilo.INFO: memory_get_peak_usage: 8.5M [] []
[2014-11-14 16:17:49] chamilo.INFO: > GET / [] []
[2014-11-14 16:17:58] chamilo.INFO: < 200 [] []
[2014-11-14 16:17:58] chamilo.INFO: Page loaded in:14.913469076157 [] []
[2014-11-14 16:17:58] chamilo.INFO: memory_get_usage: 5.25M [] []
[2014-11-14 16:17:58] chamilo.INFO: memory_get_peak_usage: 5.25M [] []
[2014-11-14 16:18:20] chamilo.INFO: > GET /user_portal.php [] []
[2014-11-14 16:18:27] chamilo.INFO: < 200 [] []
[2014-11-14 16:18:27] chamilo.INFO: Page loaded in:6.9160680770874 [] []
[2014-11-14 16:18:27] chamilo.INFO: memory_get_usage: 5.5M [] []
[2014-11-14 16:18:27] chamilo.INFO: memory_get_peak_usage: 5.5M [] []
[2014-11-18 09:49:37] chamilo.INFO: > GET / [] []
[2014-11-18 09:49:37] chamilo.INFO: < 200 [] []
[2014-11-18 09:49:37] chamilo.INFO: Page loaded in:0.40264201164246 [] []
[2014-11-18 09:49:37] chamilo.INFO: memory_get_usage: 5M [] []
[2014-11-18 09:49:37] chamilo.INFO: memory_get_peak_usage: 5.5M [] []
[2014-11-18 09:49:39] chamilo.INFO: > GET /index.php?loginFailed=1&error=user_password_incorrect [] []
[2014-11-18 09:49:39] chamilo.INFO: < 200 [] []
[2014-11-18 09:49:39] chamilo.INFO: Page loaded in:0.093234062194824 [] []
[2014-11-18 09:49:39] chamilo.INFO: memory_get_usage: 5M [] []
[2014-11-18 09:49:39] chamilo.INFO: memory_get_peak_usage: 5.25M [] []
[2014-11-18 09:49:44] chamilo.INFO: > GET /user_portal.php [] []
[2014-11-18 09:49:48] chamilo.INFO: < 200 [] []
[2014-11-18 09:49:48] chamilo.INFO: Page loaded in:4.2767949104309 [] []
[2014-11-18 09:49:48] chamilo.INFO: memory_get_usage: 5.5M [] []
[2014-11-18 09:49:48] chamilo.INFO: memory_get_peak_usage: 5.5M [] []
[2014-11-18 10:02:21] chamilo.INFO: > GET / [] []
[2014-11-18 10:02:24] chamilo.INFO: < 200 [] []
[2014-11-18 10:02:24] chamilo.INFO: Page loaded in:2.1291098594666 [] []
[2014-11-18 10:02:24] chamilo.INFO: memory_get_usage: 5M [] []
[2014-11-18 10:02:24] chamilo.INFO: memory_get_peak_usage: 5M [] []
[2014-11-18 10:02:26] chamilo.INFO: > GET /user_portal.php?nosession=true [] []
[2014-11-18 10:02:28] chamilo.INFO: < 200 [] []
[2014-11-18 10:02:28] chamilo.INFO: Page loaded in:2.1687178611755 [] []
[2014-11-18 10:02:28] chamilo.INFO: memory_get_usage: 5.5M [] []
[2014-11-18 10:02:28] chamilo.INFO: memory_get_peak_usage: 5.5M [] []
[2014-11-18 10:04:04] chamilo.INFO: > GET / [] []
[2014-11-18 10:04:06] chamilo.INFO: < 200 [] []
[2014-11-18 10:04:06] chamilo.INFO: Page loaded in:2.074371099472 [] []
[2014-11-18 10:04:06] chamilo.INFO: memory_get_usage: 5M [] []
[2014-11-18 10:04:06] chamilo.INFO: memory_get_peak_usage: 5M [] []
[2014-11-20 09:50:44] chamilo.INFO: > GET / [] []
[2014-11-20 09:50:45] chamilo.INFO: < 200 [] []
[2014-11-20 09:50:45] chamilo.INFO: Page loaded in:0.44668984413147 [] []
[2014-11-20 09:50:45] chamilo.INFO: memory_get_usage: 5.25M [] []
[2014-11-20 09:50:45] chamilo.INFO: memory_get_peak_usage: 5.25M [] []
[2014-11-20 09:50:50] chamilo.INFO: > GET /user_portal.php [] []
[2014-11-20 09:50:55] chamilo.INFO: < 200 [] []
[2014-11-20 09:50:55] chamilo.INFO: Page loaded in:4.5244138240814 [] []
[2014-11-20 09:50:55] chamilo.INFO: memory_get_usage: 5.5M [] []
[2014-11-20 09:50:55] chamilo.INFO: memory_get_peak_usage: 5.75M [] []
[2014-11-20 09:54:12] chamilo.INFO: > GET /index.php?logout=logout&uid=588693 [] []
[2014-11-20 09:54:12] chamilo.INFO: < 200 [] []
[2014-11-20 09:54:12] chamilo.INFO: Page loaded in:0.12509799003601 [] []
[2014-11-20 09:54:12] chamilo.INFO: memory_get_usage: 5M [] []
[2014-11-20 09:54:12] chamilo.INFO: memory_get_peak_usage: 5M [] []
[2014-11-20 09:54:34] chamilo.INFO: > GET /user_portal.php [] []
[2014-11-20 09:54:36] chamilo.INFO: < 200 [] []
[2014-11-20 09:54:36] chamilo.INFO: Page loaded in:2.0397090911865 [] []
[2014-11-20 09:54:36] chamilo.INFO: memory_get_usage: 5.5M [] []
[2014-11-20 09:54:36] chamilo.INFO: memory_get_peak_usage: 5.5M [] []
[2014-11-20 09:56:16] chamilo.INFO: > GET /index.php?logout=logout&uid=588693 [] []
[2014-11-20 09:56:16] chamilo.INFO: < 200 [] []
[2014-11-20 09:56:16] chamilo.INFO: Page loaded in:0.10059499740601 [] []
[2014-11-20 09:56:16] chamilo.INFO: memory_get_usage: 5M [] []
[2014-11-20 09:56:16] chamilo.INFO: memory_get_peak_usage: 5M [] []
[2014-11-20 09:56:22] chamilo.INFO: > GET /user_portal.php [] []
[2014-11-20 09:56:25] chamilo.INFO: < 200 [] []
[2014-11-20 09:56:25] chamilo.INFO: Page loaded in:2.2465748786926 [] []
[2014-11-20 09:56:25] chamilo.INFO: memory_get_usage: 5.25M [] []
[2014-11-20 09:56:25] chamilo.INFO: memory_get_peak_usage: 5.25M [] []
[2014-11-20 09:56:28] chamilo.INFO: > GET /index.php?logout=logout&uid=67744 [] []
[2014-11-20 09:56:28] chamilo.INFO: < 200 [] []
[2014-11-20 09:56:28] chamilo.INFO: Page loaded in:0.10462498664856 [] []
[2014-11-20 09:56:28] chamilo.INFO: memory_get_usage: 5M [] []
[2014-11-20 09:56:28] chamilo.INFO: memory_get_peak_usage: 5M [] []
[2014-11-20 09:56:36] chamilo.INFO: > GET /user_portal.php [] []
[2014-11-20 09:56:38] chamilo.INFO: < 200 [] []
[2014-11-20 09:56:38] chamilo.INFO: Page loaded in:2.0386140346527 [] []
[2014-11-20 09:56:38] chamilo.INFO: memory_get_usage: 5.5M [] []
[2014-11-20 09:56:38] chamilo.INFO: memory_get_peak_usage: 5.5M [] []
[2014-11-20 09:56:55] chamilo.INFO: > GET /index.php?logout=logout&uid=588693 [] []
[2014-11-20 09:56:55] chamilo.INFO: < 200 [] []
[2014-11-20 09:56:55] chamilo.INFO: Page loaded in:0.10695791244507 [] []
[2014-11-20 09:56:55] chamilo.INFO: memory_get_usage: 5.25M [] []
[2014-11-20 09:56:55] chamilo.INFO: memory_get_peak_usage: 5.25M [] []
[2014-11-20 09:57:04] chamilo.INFO: > GET /user_portal.php [] []
[2014-11-20 09:57:06] chamilo.INFO: < 200 [] []
[2014-11-20 09:57:06] chamilo.INFO: Page loaded in:2.0424320697784 [] []
[2014-11-20 09:57:06] chamilo.INFO: memory_get_usage: 5.5M [] []
[2014-11-20 09:57:06] chamilo.INFO: memory_get_peak_usage: 5.5M [] []
[2014-11-20 09:57:41] chamilo.INFO: > GET / [] []
[2014-11-20 09:57:41] chamilo.INFO: < 200 [] []
[2014-11-20 09:57:41] chamilo.INFO: Page loaded in:0.10000109672546 [] []
[2014-11-20 09:57:41] chamilo.INFO: memory_get_usage: 5M [] []
[2014-11-20 09:57:41] chamilo.INFO: memory_get_peak_usage: 5M [] []
[2014-11-20 09:57:44] chamilo.INFO: > GET /user_portal.php [] []
[2014-11-20 09:57:46] chamilo.INFO: < 200 [] []
[2014-11-20 09:57:46] chamilo.INFO: Page loaded in:2.0823640823364 [] []
[2014-11-20 09:57:46] chamilo.INFO: memory_get_usage: 5.25M [] []
[2014-11-20 09:57:46] chamilo.INFO: memory_get_peak_usage: 5.25M [] []
[2014-11-25 09:09:41] chamilo.INFO: > GET / [] []
[2014-11-25 09:09:41] chamilo.INFO: < 200 [] []
[2014-11-25 09:09:41] chamilo.INFO: Page loaded in:0.16094398498535 [] []
[2014-11-25 09:09:41] chamilo.INFO: memory_get_usage: 5M [] []
[2014-11-25 09:09:41] chamilo.INFO: memory_get_peak_usage: 5M [] []
[2014-11-25 09:09:46] chamilo.INFO: > GET /index.php?loginFailed=1&error=user_password_incorrect [] []
[2014-11-25 09:09:46] chamilo.INFO: < 200 [] []
[2014-11-25 09:09:46] chamilo.INFO: Page loaded in:0.10016512870789 [] []
[2014-11-25 09:09:46] chamilo.INFO: memory_get_usage: 5.25M [] []
[2014-11-25 09:09:46] chamilo.INFO: memory_get_peak_usage: 5.25M [] []
[2014-11-25 09:09:49] chamilo.INFO: > GET /index.php?loginFailed=1&error=user_password_incorrect [] []
[2014-11-25 09:09:49] chamilo.INFO: < 200 [] []
[2014-11-25 09:09:49] chamilo.INFO: Page loaded in:0.11156892776489 [] []
[2014-11-25 09:09:49] chamilo.INFO: memory_get_usage: 5.25M [] []
[2014-11-25 09:09:49] chamilo.INFO: memory_get_peak_usage: 5.25M [] []
[2014-11-25 09:09:53] chamilo.INFO: > GET /user_portal.php [] []
[2014-11-25 09:09:57] chamilo.INFO: < 200 [] []
[2014-11-25 09:09:57] chamilo.INFO: Page loaded in:3.6921241283417 [] []
[2014-11-25 09:09:57] chamilo.INFO: memory_get_usage: 5.5M [] []
[2014-11-25 09:09:57] chamilo.INFO: memory_get_peak_usage: 5.5M [] []
[2014-11-25 13:03:56] chamilo.INFO: > GET / [] []
[2014-11-25 13:03:57] chamilo.INFO: < 200 [] []
[2014-11-25 13:03:57] chamilo.INFO: Page loaded in:0.27313995361328 [] []
[2014-11-25 13:03:57] chamilo.INFO: memory_get_usage: 5.25M [] []
[2014-11-25 13:03:57] chamilo.INFO: memory_get_peak_usage: 5.25M [] []
[2014-11-25 13:11:54] chamilo.INFO: > GET /index.php?loginFailed=1&error=user_password_incorrect [] []
[2014-11-25 13:11:54] chamilo.INFO: < 200 [] []
[2014-11-25 13:11:54] chamilo.INFO: Page loaded in:0.11965107917786 [] []
[2014-11-25 13:11:54] chamilo.INFO: memory_get_usage: 5.25M [] []
[2014-11-25 13:11:54] chamilo.INFO: memory_get_peak_usage: 5.25M [] []
[2014-11-25 13:11:58] chamilo.INFO: > GET /user_portal.php [] []
[2014-11-25 13:12:00] chamilo.INFO: > GET / [] []
[2014-11-25 13:12:00] chamilo.INFO: < 200 [] []
[2014-11-25 13:12:00] chamilo.INFO: Page loaded in:2.4460279941559 [] []
[2014-11-25 13:12:00] chamilo.INFO: memory_get_usage: 5.5M [] []
[2014-11-25 13:12:00] chamilo.INFO: memory_get_peak_usage: 5.5M [] []
[2014-11-25 13:12:00] chamilo.INFO: < 200 [] []
[2014-11-25 13:12:00] chamilo.INFO: Page loaded in:0.18778896331787 [] []
[2014-11-25 13:12:00] chamilo.INFO: memory_get_usage: 5.25M [] []
[2014-11-25 13:12:00] chamilo.INFO: memory_get_peak_usage: 5.25M [] []
[2014-11-25 13:15:06] chamilo.INFO: > GET /index.php?logout=logout&uid=1 [] []
[2014-11-25 13:15:07] chamilo.INFO: < 200 [] []
[2014-11-25 13:15:07] chamilo.INFO: Page loaded in:0.14684009552002 [] []
[2014-11-25 13:15:07] chamilo.INFO: memory_get_usage: 5M [] []
[2014-11-25 13:15:07] chamilo.INFO: memory_get_peak_usage: 5M [] []
[2014-11-25 13:15:12] chamilo.INFO: > GET /user_portal.php [] []
[2014-11-25 13:15:14] chamilo.INFO: < 200 [] []
[2014-11-25 13:15:14] chamilo.INFO: Page loaded in:2.4869050979614 [] []
[2014-11-25 13:15:14] chamilo.INFO: memory_get_usage: 5.25M [] []
[2014-11-25 13:15:14] chamilo.INFO: memory_get_peak_usage: 5.25M [] []
[2014-11-25 13:15:18] chamilo.INFO: > GET /index.php?logout=logout&uid=67744 [] []
[2014-11-25 13:15:18] chamilo.INFO: < 200 [] []
[2014-11-25 13:15:18] chamilo.INFO: Page loaded in:0.11169481277466 [] []
[2014-11-25 13:15:18] chamilo.INFO: memory_get_usage: 5M [] []
[2014-11-25 13:15:18] chamilo.INFO: memory_get_peak_usage: 5M [] []
[2014-11-25 13:15:27] chamilo.INFO: > GET /index.php?loginFailed=1&error=user_password_incorrect [] []
[2014-11-25 13:15:27] chamilo.INFO: < 200 [] []
[2014-11-25 13:15:27] chamilo.INFO: Page loaded in:0.11290907859802 [] []
[2014-11-25 13:15:27] chamilo.INFO: memory_get_usage: 5M [] []
[2014-11-25 13:15:27] chamilo.INFO: memory_get_peak_usage: 5M [] []
[2014-11-25 13:15:41] chamilo.INFO: > GET /user_portal.php [] []
[2014-11-25 13:15:45] chamilo.INFO: < 200 [] []
[2014-11-25 13:15:45] chamilo.INFO: Page loaded in:3.1853561401367 [] []
[2014-11-25 13:15:45] chamilo.INFO: memory_get_usage: 5.25M [] []
[2014-11-25 13:15:45] chamilo.INFO: memory_get_peak_usage: 5.5M [] []
[2014-11-26 10:29:33] chamilo.INFO: > GET / [] []
[2014-11-26 10:29:33] chamilo.INFO: < 200 [] []
[2014-11-26 10:29:33] chamilo.INFO: Page loaded in:0.37232494354248 [] []
[2014-11-26 10:29:33] chamilo.INFO: memory_get_usage: 5.25M [] []
[2014-11-26 10:29:33] chamilo.INFO: memory_get_peak_usage: 5.25M [] []
[2014-11-26 10:29:41] chamilo.INFO: > GET /user_portal.php [] []
[2014-11-26 10:29:44] chamilo.INFO: < 200 [] []
[2014-11-26 10:29:44] chamilo.INFO: Page loaded in:3.3723440170288 [] []
[2014-11-26 10:29:44] chamilo.INFO: memory_get_usage: 11.75M [] []
[2014-11-26 10:29:44] chamilo.INFO: memory_get_peak_usage: 11.75M [] []
[2014-11-26 11:52:38] chamilo.INFO: > GET / [] []
[2014-11-26 11:52:38] chamilo.INFO: < 200 [] []
[2014-11-26 11:52:38] chamilo.INFO: Page loaded in:0.12898898124695 [] []
[2014-11-26 11:52:38] chamilo.INFO: memory_get_usage: 5M [] []
[2014-11-26 11:52:38] chamilo.INFO: memory_get_peak_usage: 5M [] []
[2014-11-26 11:53:01] chamilo.INFO: > GET /index.php?loginFailed=1&error=user_password_incorrect [] []
[2014-11-26 11:53:01] chamilo.INFO: < 200 [] []
[2014-11-26 11:53:01] chamilo.INFO: Page loaded in:0.09908390045166 [] []
[2014-11-26 11:53:01] chamilo.INFO: memory_get_usage: 5M [] []
[2014-11-26 11:53:01] chamilo.INFO: memory_get_peak_usage: 5M [] []
[2014-11-26 11:53:05] chamilo.INFO: > GET /user_portal.php [] []
[2014-11-26 11:53:07] chamilo.INFO: < 200 [] []
[2014-11-26 11:53:08] chamilo.INFO: Page loaded in:2.5990540981293 [] []
[2014-11-26 11:53:08] chamilo.INFO: memory_get_usage: 5.5M [] []
[2014-11-26 11:53:08] chamilo.INFO: memory_get_peak_usage: 5.75M [] []
[2014-11-27 09:35:40] chamilo.INFO: > GET / [] []
[2014-11-27 09:35:40] chamilo.INFO: < 200 [] []
[2014-11-27 09:35:40] chamilo.INFO: Page loaded in:0.4272940158844 [] []
[2014-11-27 09:35:40] chamilo.INFO: memory_get_usage: 5.25M [] []
[2014-11-27 09:35:40] chamilo.INFO: memory_get_peak_usage: 5.25M [] []
[2014-11-27 09:37:28] chamilo.INFO: > GET /index.php?loginFailed=1&error=user_password_incorrect [] []
[2014-11-27 09:37:28] chamilo.INFO: < 200 [] []
[2014-11-27 09:37:28] chamilo.INFO: Page loaded in:0.32895708084106 [] []
[2014-11-27 09:37:28] chamilo.INFO: memory_get_usage: 5M [] []
[2014-11-27 09:37:28] chamilo.INFO: memory_get_peak_usage: 5.25M [] []
[2014-11-27 09:37:33] chamilo.INFO: > GET /user_portal.php [] []
[2014-11-27 09:37:37] chamilo.INFO: < 200 [] []
[2014-11-27 09:37:37] chamilo.INFO: Page loaded in:3.6731441020966 [] []
[2014-11-27 09:37:37] chamilo.INFO: memory_get_usage: 5.75M [] []
[2014-11-27 09:37:37] chamilo.INFO: memory_get_peak_usage: 5.75M [] []
[2014-11-27 09:41:21] chamilo.INFO: > GET /user_portal.php?nosession=true [] []
[2014-11-27 09:41:23] chamilo.INFO: < 200 [] []
[2014-11-27 09:41:23] chamilo.INFO: Page loaded in:2.0948150157928 [] []
[2014-11-27 09:41:23] chamilo.INFO: memory_get_usage: 5.75M [] []
[2014-11-27 09:41:23] chamilo.INFO: memory_get_peak_usage: 5.75M [] []
[2014-11-27 09:42:55] chamilo.INFO: > GET /index.php?logout=logout&uid=1 [] []
[2014-11-27 09:42:55] chamilo.INFO: < 200 [] []
[2014-11-27 09:42:55] chamilo.INFO: Page loaded in:0.14037108421326 [] []
[2014-11-27 09:42:55] chamilo.INFO: memory_get_usage: 5M [] []
[2014-11-27 09:42:55] chamilo.INFO: memory_get_peak_usage: 5M [] []
[2014-11-27 09:43:08] chamilo.INFO: > GET /index.php?loginFailed=1&error=user_password_incorrect [] []
[2014-11-27 09:43:08] chamilo.INFO: < 200 [] []
[2014-11-27 09:43:08] chamilo.INFO: Page loaded in:0.12695789337158 [] []
[2014-11-27 09:43:08] chamilo.INFO: memory_get_usage: 5M [] []
[2014-11-27 09:43:08] chamilo.INFO: memory_get_peak_usage: 5M [] []
[2014-11-27 09:43:11] chamilo.INFO: > GET /user_portal.php [] []
[2014-11-27 09:43:13] chamilo.INFO: < 200 [] []
[2014-11-27 09:43:13] chamilo.INFO: Page loaded in:2.0940759181976 [] []
[2014-11-27 09:43:13] chamilo.INFO: memory_get_usage: 5.75M [] []
[2014-11-27 09:43:13] chamilo.INFO: memory_get_peak_usage: 5.75M [] []
[2014-11-27 09:53:32] chamilo.INFO: > GET / [] []
[2014-11-27 09:53:32] chamilo.INFO: < 200 [] []
[2014-11-27 09:53:32] chamilo.INFO: Page loaded in:0.1029589176178 [] []
[2014-11-27 09:53:32] chamilo.INFO: memory_get_usage: 5M [] []
[2014-11-27 09:53:32] chamilo.INFO: memory_get_peak_usage: 5M [] []
[2014-11-27 09:53:36] chamilo.INFO: > GET /user_portal.php [] []
[2014-11-27 09:53:38] chamilo.INFO: < 200 [] []
[2014-11-27 09:53:38] chamilo.INFO: Page loaded in:2.0521190166473 [] []
[2014-11-27 09:53:38] chamilo.INFO: memory_get_usage: 5.5M [] []
[2014-11-27 09:53:38] chamilo.INFO: memory_get_peak_usage: 5.75M [] []
[2014-11-27 09:56:26] chamilo.INFO: > GET / [] []
[2014-11-27 09:56:28] chamilo.INFO: < 200 [] []
[2014-11-27 09:56:28] chamilo.INFO: Page loaded in:2.0135049819946 [] []
[2014-11-27 09:56:28] chamilo.INFO: memory_get_usage: 5.25M [] []
[2014-11-27 09:56:28] chamilo.INFO: memory_get_peak_usage: 5.25M [] []
[2014-11-27 09:56:29] chamilo.INFO: > GET /user_portal.php?nosession=true [] []
[2014-11-27 09:56:31] chamilo.INFO: < 200 [] []
[2014-11-27 09:56:31] chamilo.INFO: Page loaded in:2.0113589763641 [] []
[2014-11-27 09:56:31] chamilo.INFO: memory_get_usage: 5.75M [] []
[2014-11-27 09:56:31] chamilo.INFO: memory_get_peak_usage: 5.75M [] []
[2014-11-27 12:56:18] chamilo.INFO: > GET / [] []
[2014-11-27 12:56:19] chamilo.INFO: < 200 [] []
[2014-11-27 12:56:19] chamilo.INFO: Page loaded in:0.25455403327942 [] []
[2014-11-27 12:56:19] chamilo.INFO: memory_get_usage: 5.25M [] []
[2014-11-27 12:56:19] chamilo.INFO: memory_get_peak_usage: 5.25M [] []
[2014-11-27 12:57:23] chamilo.INFO: > GET /index.php?loginFailed=1&error=user_password_incorrect [] []
[2014-11-27 12:57:23] chamilo.INFO: < 200 [] []
[2014-11-27 12:57:23] chamilo.INFO: Page loaded in:0.11226797103882 [] []
[2014-11-27 12:57:23] chamilo.INFO: memory_get_usage: 5M [] []
[2014-11-27 12:57:23] chamilo.INFO: memory_get_peak_usage: 5M [] []
[2014-11-27 12:57:29] chamilo.INFO: > GET /user_portal.php [] []
[2014-11-27 12:57:31] chamilo.INFO: < 200 [] []
[2014-11-27 12:57:31] chamilo.INFO: Page loaded in:2.6526911258698 [] []
[2014-11-27 12:57:31] chamilo.INFO: memory_get_usage: 5.5M [] []
[2014-11-27 12:57:31] chamilo.INFO: memory_get_peak_usage: 5.5M [] []
[2014-11-28 09:12:23] chamilo.INFO: > GET / [] []
[2014-11-28 09:12:24] chamilo.INFO: < 200 [] []
[2014-11-28 09:12:24] chamilo.INFO: Page loaded in:0.4100170135498 [] []
[2014-11-28 09:12:24] chamilo.INFO: memory_get_usage: 5.25M [] []
[2014-11-28 09:12:24] chamilo.INFO: memory_get_peak_usage: 5.25M [] []
[2014-11-28 09:12:26] chamilo.INFO: > GET /index.php?loginFailed=1&error=user_password_incorrect [] []
[2014-11-28 09:12:26] chamilo.INFO: < 200 [] []
[2014-11-28 09:12:26] chamilo.INFO: Page loaded in:0.10082292556763 [] []
[2014-11-28 09:12:26] chamilo.INFO: memory_get_usage: 5.25M [] []
[2014-11-28 09:12:26] chamilo.INFO: memory_get_peak_usage: 5.25M [] []
[2014-11-28 09:12:30] chamilo.INFO: > GET /user_portal.php [] []
[2014-11-28 09:12:33] chamilo.INFO: < 200 [] []
[2014-11-28 09:12:33] chamilo.INFO: Page loaded in:3.377653837204 [] []
[2014-11-28 09:12:33] chamilo.INFO: memory_get_usage: 5.5M [] []
[2014-11-28 09:12:33] chamilo.INFO: memory_get_peak_usage: 5.5M [] []
[2014-11-28 15:50:26] chamilo.INFO: > GET / [] []
[2014-11-28 15:50:27] chamilo.INFO: < 200 [] []
[2014-11-28 15:50:27] chamilo.INFO: Page loaded in:0.25610494613647 [] []
[2014-11-28 15:50:27] chamilo.INFO: memory_get_usage: 5.25M [] []
[2014-11-28 15:50:27] chamilo.INFO: memory_get_peak_usage: 5.25M [] []
[2014-11-28 15:53:45] chamilo.INFO: > GET /user_portal.php [] []
[2014-11-28 15:53:48] chamilo.INFO: < 200 [] []
[2014-11-28 15:53:48] chamilo.INFO: Page loaded in:3.1963279247284 [] []
[2014-11-28 15:53:48] chamilo.INFO: memory_get_usage: 5.5M [] []
[2014-11-28 15:53:48] chamilo.INFO: memory_get_peak_usage: 5.5M [] []
